<?xml version="1.0" encoding="UTF-8"?>
<!-- Generated by org.testng.reporters.JUnitXMLReporter -->
<testsuite ignored="0" hostname="sb-HP-Pavilion-Sleekbook-15-PC" failures="2" tests="4" name="Test" time="193.789" errors="0" timestamp="24 Jun 2019 07:15:48 GMT">
  <testcase classname="com.inetbanking.testCases.TC_LoginTest_002" name="loginDDF" time="101.134"/>
  <testcase classname="com.inetbanking.testCases.TC_LoginTest_002" name="loginDDF" time="64.066">
    <failure type="junit.framework.AssertionFailedError">
      <![CDATA[junit.framework.AssertionFailedError
at junit.framework.Assert.fail(Assert.java:55)
at junit.framework.Assert.assertTrue(Assert.java:22)
at junit.framework.Assert.assertTrue(Assert.java:31)
at com.inetbanking.testCases.TC_LoginTest_002.loginDDF(TC_LoginTest_002.java:22)
... Removed 25 stack frames]]>
    </failure>
  </testcase> <!-- loginDDF -->
  <testcase classname="com.inetbanking.testCases.TC_LoginTest_002" name="loginDDF" time="15.529"/>
  <testcase classname="com.inetbanking.testCases.TC_LoginTest_002" name="loginDDF" time="10.002">
    <failure type="junit.framework.AssertionFailedError">
      <![CDATA[junit.framework.AssertionFailedError
at junit.framework.Assert.fail(Assert.java:55)
at junit.framework.Assert.assertTrue(Assert.java:22)
at junit.framework.Assert.assertTrue(Assert.java:31)
at com.inetbanking.testCases.TC_LoginTest_002.loginDDF(TC_LoginTest_002.java:22)
... Removed 25 stack frames]]>
    </failure>
  </testcase> <!-- loginDDF -->
</testsuite> <!-- Test -->
