<?xml version="1.0" encoding="UTF-8"?>
<testng-results skipped="0" failed="0" ignored="0" total="1" passed="1">
  <reporter-output>
  </reporter-output>
  <suite name="INetBanking_V1" duration-ms="25855" started-at="2019-06-13T14:27:37Z" finished-at="2019-06-13T14:28:03Z">
    <groups>
    </groups>
    <test name="Test" duration-ms="25855" started-at="2019-06-13T14:27:37Z" finished-at="2019-06-13T14:28:03Z">
      <class name="com.inetbanking.testCases.TC_LoginTest_001">
        <test-method status="PASS" signature="setUp(java.lang.String)[pri:0, instance:com.inetbanking.testCases.TC_LoginTest_001@14bf9759]" name="setUp" is-config="true" duration-ms="1536" started-at="2019-06-13T14:27:38Z" finished-at="2019-06-13T14:27:39Z">
          <params>
            <param index="0">
              <value>
                <![CDATA[chrome]]>
              </value>
            </param>
          </params>
          <reporter-output>
          </reporter-output>
        </test-method> <!-- setUp -->
        <test-method status="PASS" signature="loginTest()[pri:0, instance:com.inetbanking.testCases.TC_LoginTest_001@14bf9759]" name="loginTest" duration-ms="23942" started-at="2019-06-13T14:27:39Z" finished-at="2019-06-13T14:28:03Z">
          <reporter-output>
          </reporter-output>
        </test-method> <!-- loginTest -->
        <test-method status="PASS" signature="tearDown()[pri:0, instance:com.inetbanking.testCases.TC_LoginTest_001@14bf9759]" name="tearDown" is-config="true" duration-ms="76" started-at="2019-06-13T14:28:03Z" finished-at="2019-06-13T14:28:03Z">
          <reporter-output>
          </reporter-output>
        </test-method> <!-- tearDown -->
      </class> <!-- com.inetbanking.testCases.TC_LoginTest_001 -->
    </test> <!-- Test -->
  </suite> <!-- INetBanking_V1 -->
</testng-results>
